<?xml version="1.0" encoding="UTF-8"?>
<testsuite name="ru.krt.copypast.hamlscript.SimpleTest" tests="1" skipped="0" failures="0" errors="0" timestamp="2020-08-13T14:37:22" hostname="e.borisov.dc.rk" time="0.555">
  <properties/>
  <testcase name="mustacheTest" classname="ru.krt.copypast.hamlscript.SimpleTest" time="0.555"/>
  <system-out><![CDATA[]]></system-out>
  <system-err><![CDATA[Warning: Nashorn engine is planned to be removed from a future JDK release
]]></system-err>
</testsuite>
