<?xml version="1.0" encoding="UTF-8"?>
<testsuite name="ru.krt.copypast.htmp.npm.HtmlDifferTest" tests="1" skipped="0" failures="0" errors="0" timestamp="2020-08-24T06:33:33" hostname="e.borisov.dc.rk" time="9.695">
  <properties/>
  <testcase name="simpleTest" classname="ru.krt.copypast.htmp.npm.HtmlDifferTest" time="9.695"/>
  <system-out><![CDATA[FILE: undefined
?[32m?[7m+ expected?[27m?[39m ?[31m?[7m- actual?[27m?[39m 
 
?[90m<?[39m?[32m?[7m!DOCTYPE HTML><?[27m?[39m?[90mhtml?[39m?[32m?[7m dir="ltr" lang="en"?[27m?[39m?[90m><head><?[39m?[32m?[7mmeta charset="utf-8"><?[27m?[39m?[90mtitle>?[39m?[31m?[7mduke?[27m?[39m?[90m</title></head><body><?[39m?[31m?[7mh1>hey java<?[27m?[39m?[90m/?[39m?[31m?[7mh1></?[27m?[39m?[90mbody></html>?[39m
]]></system-out>
  <system-err><![CDATA[Warning: Nashorn engine is planned to be removed from a future JDK release
]]></system-err>
</testsuite>
