<?xml version="1.0" encoding="UTF-8"?>
<testsuite name="ru.krt.mcapple.script.HamlTest" tests="1" skipped="0" failures="0" errors="0" timestamp="2020-08-11T09:55:04" hostname="e.borisov.dc.rk" time="1.775">
  <properties/>
  <testcase name="simpleTest" classname="ru.krt.mcapple.script.HamlTest" time="1.775"/>
  <system-out><![CDATA[]]></system-out>
  <system-err><![CDATA[Warning: Nashorn engine is planned to be removed from a future JDK release
]]></system-err>
</testsuite>
