<?xml version="1.0" encoding="UTF-8"?>
<testsuite name="ru.krt.copypast.htmp.npm.HamlTest" tests="1" skipped="0" failures="0" errors="0" timestamp="2020-08-24T06:33:31" hostname="e.borisov.dc.rk" time="1.573">
  <properties/>
  <testcase name="simpleTest" classname="ru.krt.copypast.htmp.npm.HamlTest" time="1.573"/>
  <system-out><![CDATA[]]></system-out>
  <system-err><![CDATA[Warning: Nashorn engine is planned to be removed from a future JDK release
]]></system-err>
</testsuite>
