<?xml version="1.0" encoding="UTF-8"?>
<testsuite name="ru.krt.copypast.hamlscript.HamlTest" tests="1" skipped="0" failures="0" errors="0" timestamp="2020-08-11T20:53:29" hostname="DESKTOP-2AVECJ5" time="10.316">
  <properties/>
  <testcase name="simpleTest" classname="ru.krt.copypast.hamlscript.HamlTest" time="10.316"/>
  <system-out><![CDATA[]]></system-out>
  <system-err><![CDATA[Warning: Nashorn engine is planned to be removed from a future JDK release
]]></system-err>
</testsuite>
