<?xml version="1.0" encoding="UTF-8"?>
<testsuite name="ru.krt.copypast.CompareTest" tests="1" skipped="0" failures="0" errors="0" timestamp="2020-08-04T19:58:26" hostname="DESKTOP-2AVECJ5" time="42.808">
  <properties/>
  <testcase name="loadingFromFilesystem" classname="ru.krt.copypast.CompareTest" time="42.808"/>
  <system-out><![CDATA[?[32m?[7m+ expected?[27m?[39m ?[31m?[7m- actual?[27m?[39m 
 
...
?[90mcharset=utf-8" http-equiv="content-type"?[39m?[31m?[7m/?[27m?[39m?[90m><?[39m?[31m?[7mtitle>Мой персональный Веб-сайт</title><?[27m?[39m?[90mlink href="favicon.ico" rel="shortcut icon"?[39m?[31m?[7m/?[27m?[39m?[90m><link href="css/main.css" rel="styleshe?[39m
...
?[90mef="css/postmaster.css" rel="stylesheet"?[39m?[31m?[7m><style?[27m?[39m?[90m ?[39m?[31m?[7mmedia="screen"></style><script ?[27m?[39m?[90mtype="text/?[39m?[32m?[7mcss?[27m?[39m?[31m?[7mjavascript?[27m?[39m?[90m">?[39m?[31m?[7mvar htmPage = &quot;index&quot;; // Главная страница?[27m?[39m?[90m<?[39m?[31m?[7m/?[27m?[39m?[90mscript?[39m?[31m?[7m><script?[27m?[39m?[90m charset="utf-8" src="js/jquery-1.12.4.js"></script><script ?[39m?[32m?[7mcharset="utf-8" ?[27m?[39m?[90msrc="js/gettime.js"></script><script cha?[39m
...
?[90mtf-8" src="js/pageCounter.js"></script><?[39m?[32m?[7mtitle>Title<?[27m?[39m?[90m/?[39m?[32m?[7mtitle><script>var htmPage = &quot;&quot;;</script></?[27m?[39m?[90mhead><body><header><nav id="top-menu-1"><script ?[39m?[32m?[7mcharset="utf-8" ?[27m?[39m?[90msrc="js/topMenuHandler.js"></script><ul>?[39m
...
?[90monmouseover="ChangeOver(this)"><a href="?[39m?[32m?[7mindex.htm?[27m?[39m?[31m?[7m#?[27m?[39m?[90m"><img alt="" class="li-menu-img" src="img/icon/caret.png"?[39m?[31m?[7m/?[27m?[39m?[90m>Главная<br>страница</a><ul><li class="li-menu1"><a href="?[39m?[32m?[7m#?[27m?[39m?[31m?[7mpage1.htm?[27m?[39m?[90m">Обо мне</a></li><li class="li-menu2"><?[39m?[32m?[7m/li></ul><?[27m?[39m?[90ma href="page2.htm">?[39m?[32m?[7m</a>?[27m?[39m?[90mМои<br>интересы</?[39m?[31m?[7ma></?[27m?[39m?[90mli><li class="li-menu3"><a href="page3.h?[39m
...
?[90mli class="li-menu6"><a href="page6.htm">?[39m?[32m?[7m</a>?[27m?[39m?[90mТест<br>по дисциплине</?[39m?[31m?[7ma></?[27m?[39m?[90mli></ul><?[39m?[31m?[7m/?[27m?[39m?[90mli?[39m?[31m?[7m><li?[27m?[39m?[90m class="li-menu1" onmouseout="ChangeOut(?[39m
...
?[90m"ChangeOver(this)"><a href="page1.htm"><?[39m?[32m?[7m/a><?[27m?[39m?[90mimg alt="" class="li-menu-img" src="img/icon/caret.png"?[39m?[31m?[7m/?[27m?[39m?[90m>Обо мне</?[39m?[31m?[7ma></?[27m?[39m?[90mli><li class="li-menu2" onmouseout="Chan?[39m
...
?[90m"ChangeOver(this)"><a href="page2.htm"><?[39m?[32m?[7m/a><?[27m?[39m?[90mimg alt="" class="li-menu-img" src="img/icon/caret.png"?[39m?[31m?[7m/?[27m?[39m?[90m>Мои<br>интересы<?[39m?[32m?[7mul?[27m?[39m?[31m?[7m/a?[27m?[39m?[90m><?[39m?[32m?[7m/?[27m?[39m?[90mul><li><a href="page2.htm#page2-1">Мое х?[39m
...
?[90mm#page2-5">Мои любимые фильмы</a></li></?[39m?[31m?[7mul></?[27m?[39m?[90mli><li class="li-menu3" onmouseout="Chan?[39m
...
?[90m"ChangeOver(this)"><a href="page3.htm"><?[39m?[32m?[7m/a><?[27m?[39m?[90mimg alt="" class="li-menu-img" src="img/icon/caret.png"?[39m?[31m?[7m/?[27m?[39m?[90m>Учеба</?[39m?[31m?[7ma></?[27m?[39m?[90mli><li class="li-menu4" onmouseout="Chan?[39m
...
?[90m"ChangeOver(this)"><a href="page4.htm"><?[39m?[32m?[7m/a><?[27m?[39m?[90mimg alt="" class="li-menu-img" src="img/icon/caret.png"?[39m?[31m?[7m/?[27m?[39m?[90m>Фотоальбом</?[39m?[31m?[7ma></?[27m?[39m?[90mli><li class="li-menu5" onmouseout="Chan?[39m
...
?[90m"ChangeOver(this)"><a href="page5.htm"><?[39m?[32m?[7m/a><?[27m?[39m?[90mimg alt="" class="li-menu-img" src="img/icon/caret.png"?[39m?[31m?[7m/?[27m?[39m?[90m>Контакты</?[39m?[31m?[7ma></?[27m?[39m?[90mli><li class="li-menu6" onmouseout="Chan?[39m
...
?[90m"ChangeOver(this)"><a href="page6.htm"><?[39m?[32m?[7m/a><?[27m?[39m?[90mimg alt="" class="li-menu-img" src="img/icon/caret.png"?[39m?[31m?[7m/?[27m?[39m?[90m>Тест<br>по дисциплине</?[39m?[31m?[7ma></?[27m?[39m?[90mli></?[39m?[31m?[7mul></?[27m?[39m?[90mnav><?[39m?[31m?[7mfigure><img alt="фотография Борисова Е.А." src="img?[27m?[39m?[90m/?[39m?[31m?[7mnormal.jpg"/><figcaption id="idFigcaptionHeader">фотография</figcaption></figure><h1>Персональный сайт</h1></?[27m?[39m?[90mheader><?[39m?[31m?[7msection id="boderSection"></section><?[27m?[39m?[90maside><h3>здесь могла быть ваша реклама:?[39m
...
?[90m>.</p></section></aside><main><article><?[39m?[31m?[7mh2>Личные данные<?[27m?[39m?[90m/?[39m?[31m?[7mh2><br/><dl><dt>Имя:</dt><dd>Борисов Евгений Александрович<br/></dd><dt>студент СевГУ группы:</dt><dd>а31з<br/></dd><dt>Номер и название работы:Контрольная работа по дисциплине: «Веб-технологии»;</dt><dd><ol><li>Задание № 1 Исследование возможностей языка разметки гипертекстов HTML и каскадных таблиц стилей CSS;</li><li>Задание № 2 Исследование возможностей программирования на стороне клиента. Основы языка JavaScript;</li><li>Задание № 3 Исследование объектной модели документа (DOM) и системы событий JavaScript;</li><li>Задание № 4 Исследование возможностей библиотеки jQuery;</li><li>Задание № 5 Исследование возможностей ускорения разработки веб-приложений с использованием HAML;</li><li>Задание № 6 Исследование возможностей ускорения разработки клиентских приложений с использованием SASS;</li><li>Задание № 7 Исследование возможностей ускорения разработки клиентских приложений с использованием CoffeeScript.</li></ol></dd></dl></?[27m?[39m?[90marticle><?[39m?[31m?[7mnav><h2>Страницы сайта<?[27m?[39m?[90m/?[39m?[32m?[7mmain?[27m?[39m?[31m?[7mh2?[27m?[39m?[90m><?[39m?[32m?[7mfooter?[27m?[39m?[31m?[7mp?[27m?[39m?[90m>?[39m?[31m?[7mГиперссылки на страницы сайта:?[27m?[39m?[90m<?[39m?[32m?[7mfooter?[27m?[39m?[31m?[7m/p?[27m?[39m?[90m><?[39m?[32m?[7mtable?[27m?[39m?[31m?[7mul><li><a?[27m?[39m?[90m ?[39m?[32m?[7mclass?[27m?[39m?[31m?[7mhref?[27m?[39m?[90m="?[39m?[32m?[7mfullTableMenu?[27m?[39m?[31m?[7mpage1.htm?[27m?[39m?[90m">?[39m?[31m?[7mОбо мне?[27m?[39m?[90m<?[39m?[32m?[7mtr?[27m?[39m?[31m?[7m/a?[27m?[39m?[90m><?[39m?[32m?[7mtd?[27m?[39m?[31m?[7m/li><li><a?[27m?[39m?[90m ?[39m?[32m?[7mclass?[27m?[39m?[31m?[7mhref?[27m?[39m?[90m="?[39m?[32m?[7mtdMenu10?[27m?[39m?[31m?[7mpage2.htm?[27m?[39m?[90m">?[39m?[32m?[7m&lt;?[27m?[39m?[31m?[7mМои интересы?[27m?[39m?[90m<?[39m?[31m?[7m/?[27m?[39m?[90ma?[39m?[31m?[7m></li><li><a?[27m?[39m?[90m href="?[39m?[32m?[7mindex?[27m?[39m?[31m?[7mpage3?[27m?[39m?[90m.htm">?[39m?[32m?[7mprev?[27m?[39m?[31m?[7mУчеба?[27m?[39m?[90m</a>?[39m?[32m?[7m&gt?[27m?[39m?[31m?[7m</li><li><a href="page4.htm">Фотоальбом</a></li><li><a href="page5.htm">Контакт</a></li><li><a href="page6.htm">Тест по дисциплине &quot?[27m?[39m?[90m;?[39m?[31m?[7mБезопасность жизнедеятельности&quot;?[27m?[39m?[90m</?[39m?[31m?[7ma></li></ul></nav><div><p>Сам погибай, а систему<em>выключай</em>.</p></div></main><footer><table class="fullTableMenu"><tr><?[27m?[39m?[90mtd?[39m?[31m?[7m class="tdMenu10"?[27m?[39m?[90m><?[39m?[31m?[7m/?[27m?[39m?[90mtd?[39m?[31m?[7m><td?[27m?[39m?[90m id="tdMenu80"></td><td class="tdMenu10">&lt;<a href="?[39m?[32m?[7mpage2?[27m?[39m?[31m?[7mpage1?[27m?[39m?[90m.htm">next</a>&gt;</td></tr></table>®<ti?[39m
...
?[90matetime="2019-11-13">13.11.19 г.</time>,?[39m?[31m?[7m Борисов Е.А. Все права защищены. © Копирование запрещено?[27m?[39m?[90m<br>Автор:<a href="mailto:mcapple@yandex?[39m
...
?[90m<div></div></td></tr></table></footer></?[39m?[32m?[7mfooter></?[27m?[39m?[90mbody></html>??[39m
]]></system-out>
  <system-err><![CDATA[Warning: Nashorn engine is planned to be removed from a future JDK release
]]></system-err>
</testsuite>
